
——————————————————————————————————————————————————————————————————————————————————————————————————————————————
[DEVMODE] Project Manager Loading/Creating Project:
          example-star_wars by c_byrne
——————————————————————————————————————————————————————————————————————————————————————————————————————————————
[DEVMODE] Project Manager Repo Root:
          /home/c_byrne/projects/infinite-parallax
[DEVMODE] Project Manager Project Dir Path:
          /home/c_byrne/projects/infinite-parallax/projects/example-star_wars
[DEVMODE] Project Manager Loading Existing Project Found At:
          /home/c_byrne/projects/infinite-parallax/projects/example-star_wars
[DEVMODE] (Project Workflow) Created Copy In Project Dir Of Workflow Template:
          /home/c_byrne/projects/infinite-parallax/workflow-templates/api/salient_object/salient_object-remove
          _inpaint_extract-v2-API_VERSION.json
[DEVMODE] (Project Workflow) Updating Loadimage'S Image Value:
          from star_wars-medium.jpg to base_layer-salient_object_removed_00001_.png
[DEVMODE] (Project Workflow) Updating Save Inpainted Base Layer'S Filename_Prefix Value:
          from salient_object_removed to base_layer-salient_object_removed
[DEVMODE] (Project Workflow) Save Alpha Layer'S Filename_Prefix Value Is Already Set To:
          salient_object_alpha_layer
[DEVMODE] (Project Workflow) Clip Text Encode (Negative Prompt)'S Text Value Appended With:
          man, person, silhouette, human, 1boy, 2boys, lightsaber, neon sign
[DEVMODE] (Project Workflow) Negative Prompt - Fill Object Region With Bg Content Only'S Text Value Appended With:
          man, person, silhouette, human, 1boy, 2boys, lightsaber, neon sign
[DEVMODE] (Project Workflow) Auto Prompt Exclude List'S Prompt Value Appended With:
          man, person, silhouette, human, 1boy, 2boys, lightsaber, neon sign
[DEVMODE] (Project Workflow) Updating Generalized Salient Object Tags (Descriptors)'S Prompt Value:
          from multiple_girls . multiple_boys . 1girl . man . woman . 1boy . salient objects . men . person . 
          human to man . person . silhouette . human . 1boy . 2boys . lightsaber . neon sign