
———————————————————————————————————————————————————————————————————————————————————————————————
[DEVMODE] Lowest non-alpha pixel
          (66, 914)
———————————————————————————————————————————————————————————————————————————————————————————————

———————————————————————————————————————————————————————————————————————————————————————————————
[DEVMODE] Testing layer 1 breakpoint
          0
———————————————————————————————————————————————————————————————————————————————————————————————

———————————————————————————————————————————————————————————————————————————————————————————————
[DEVMODE] Testing layer 2 breakpoint
          373
———————————————————————————————————————————————————————————————————————————————————————————————

———————————————————————————————————————————————————————————————————————————————————————————————
[DEVMODE] Testing layer 3 breakpoint
          458
———————————————————————————————————————————————————————————————————————————————————————————————

———————————————————————————————————————————————————————————————————————————————————————————————
[DEVMODE] Testing layer 4 breakpoint
          818
———————————————————————————————————————————————————————————————————————————————————————————————

———————————————————————————————————————————————————————————————————————————————————————————————
[DEVMODE] Parent layer for salient object salient_object determined as
          layer_4
———————————————————————————————————————————————————————————————————————————————————————————————

———————————————————————————————————————————————————————————————————————————————————————————————
[DEVMODE] Parent layer config
          {'height'  730, 'distance'  12.0, 'distance_ratio'  0.04897959183673469, 'velocity'  [-
         58, 0.0], 'steps_x'  838, 'steps_y'  0}
———————————————————————————————————————————————————————————————————————————————————————————————
