
——————————————————————————————————————————————————————————————————————————————————————————————————————————————
[DEVMODE] Loading/Creating Project:
          example-star_wars by c_byrne
——————————————————————————————————————————————————————————————————————————————————————————————————————————————
[DEVMODE] Repo Root:
          /home/c_byrne/projects/infinite-parallax
[DEVMODE] Project Dir Path:
          /home/c_byrne/projects/infinite-parallax/projects/example-star_wars
[DEVMODE] Loading Existing Project Found At:
          /home/c_byrne/projects/infinite-parallax/projects/example-star_wars
[DEVMODE] (Project Workflow) Created Copy In Project Dir Of Workflow Template:
          /home/c_byrne/projects/infinite-parallax/workflow-templates/api/salient_object/salient_object-remove
          _inpaint_extract-v2-API_VERSION.json
[DEVMODE] (Project Workflow) Updating Loadimage'S Image Value:
          from star_wars-medium.jpg to base_layer-salient_object_removed_00001_.png
[DEVMODE] (Project Workflow) Updating Save Inpainted Base Layer'S Filename_Prefix Value:
          from salient_object_removed to base_layer-salient_object_removed
[DEVMODE] (Project Workflow) Save Alpha Layer'S Filename_Prefix Value Is Already Set To:
          salient_object_alpha_layer
[DEVMODE] (Project Workflow) Clip Text Encode (Negative Prompt)'S Text Value Appended With:
          man, person, silhouette, human, 1boy, 2boys, lightsaber, neon sign
[DEVMODE] (Project Workflow) Negative Prompt - Fill Object Region With Bg Content Only'S Text Value Appended With:
          man, person, silhouette, human, 1boy, 2boys, lightsaber, neon sign
[DEVMODE] (Project Workflow) Auto Prompt Exclude List'S Prompt Value Appended With:
          man, person, silhouette, human, 1boy, 2boys, lightsaber, neon sign
[DEVMODE] (Project Workflow) Updating Generalized Salient Object Tags (Descriptors)'S Prompt Value:
          from multiple_girls . multiple_boys . 1girl . man . woman . 1boy . salient objects . men . person . 
          human to man . person . silhouette . human . 1boy . 2boys . lightsaber . neon sign
[DEVMODE] Salient Object Alpha Layer:
          /home/c_byrne/projects/infinite-parallax/projects/example-star_wars/salient_object_alpha_layer_00001
          _.png
[DEVMODE] Base Layer Without Objects:
          /home/c_byrne/projects/infinite-parallax/projects/example-star_wars/base_layer-salient_object_remove
          d_00001_.png
[DEVMODE] Lowest Non-Alpha Pixel:
          (522, 399)
[DEVMODE] Testing Layer 1 Breakpoint:
          0
[DEVMODE] Testing Layer 2 Breakpoint:
          400
[DEVMODE] Salient 
          object's lowest point is in layer 2
[DEVMODE] Parent Layer For Salient Object 0 Determined As:
          layer_2
[DEVMODE] Parent Layer Config:
          {'height': 137, 'distance': 38.0, 'distance_ratio': 0.4318181818181818, 'velocity': [-40, 0.0], 'ste
          ps_x': 5, 'steps_y': 0}