
———————————————————————————————————————————————————————————— 06:15AM —————————————————
[DEVMODE] (Project Workflow) Created Copy in Project Dir of Workflow Template:
          /home/c_byrne/projects/infinite-parallax/workflow-templates/api/salient_object
          /salient_object-remove_inpaint_extract-v2-API_VERSION.json
——————————————————————————————————————————————————————————————————————————————————————
[DEVMODE] (Project Workflow) Updating LoadImage's image value:
          from star_wars-medium.jpg to base_layer-salient_object_removed_00001_.png[DEVMODE] (Project Workflow) Updating Save Inpainted Base Layer's filename_prefix value:
          from salient_object_removed to base_layer-salient_object_removed[DEVMODE] (Project Workflow) Save Alpha Layer's filename_prefix value is already set to:
          salient_object_alpha_layer[DEVMODE] (Project Workflow) CLIP Text Encode (Negative Prompt)'s text Value Appended with:
          man, person, silhouette, human, 1boy, 2boys, lightsaber, neon sign[DEVMODE] (Project Workflow) Negative Prompt - Fill Object Region with BG Content Only's text Value Appended with:
          man, person, silhouette, human, 1boy, 2boys, lightsaber, neon sign[DEVMODE] (Project Workflow) Auto Prompt Exclude List's prompt Value Appended with:
          man, person, silhouette, human, 1boy, 2boys, lightsaber, neon sign[DEVMODE] (Project Workflow) Updating Generalized Salient Object Tags (Descriptors)'s prompt value:
          from multiple_girls . multiple_boys . 1girl . man . woman . 1boy . salient obj
          ects . men . person . human to man . person . silhouette . human . 1boy . 2boys
          . lightsaber . neon sign[DEVMODE] Salient Object Alpha Layer:
          /home/c_byrne/projects/infinite-parallax/projects/example-star_wars/salient_ob
          ject_alpha_layer_00001_.png[DEVMODE] Base Layer Without Objects:
          /home/c_byrne/projects/infinite-parallax/projects/example-star_wars/base_layer
          -salient_object_removed_00001_.png[DEVMODE] Lowest non-alpha pixel:
          (522, 399)[DEVMODE] Testing layer 1 breakpoint:
          0[DEVMODE] Testing layer 2 breakpoint:
          400
———————————————————————————————————————————————————————————— 06:15AM —————————————————
[DEVMODE] Salient:
          Salient object's lowest point is in layer 2
——————————————————————————————————————————————————————————————————————————————————————

———————————————————————————————————————————————————————————— 06:15AM —————————————————
[DEVMODE] Parent layer for salient object 0 determined as:
          layer_2
——————————————————————————————————————————————————————————————————————————————————————
[DEVMODE] Parent layer config:
          {'height'  137, 'distance'  38.0, 'distance_ratio'  0.4318181818181818, 'veloc
          ity'  [-40, 0.0], 'steps_x'  5, 'steps_y'  0}[DEVMODE] Stitched alpha layer saved to:
          /home/c_byrne/projects/infinite-parallax/projects/example-star_wars/stitches/s
          titched_object_alphas/salient_object_1_stitched_alpha_layer.png