
———————————————————————————————————————————————————————————————————————————————————————————————
[DEVMODE] Template Workflow path
           /home/c_byrne/projects/infinite-parallax/workflows/api/salient_object/salient_object-re
          move_inpaint_extract-v1-API_VERSION.json
———————————————————————————————————————————————————————————————————————————————————————————————

———————————————————————————————————————————————————————————————————————————————————————————————
[DEVMODE] Project's input image already exists in comfy input folder
           /home/c_byrne/tools/sd/sd-interfaces/ComfyUI/input
———————————————————————————————————————————————————————————————————————————————————————————————

———————————————————————————————————————————————————————————————————————————————————————————————
[DEVMODE] Custom Salient object workflow path for this project
           /home/c_byrne/projects/infinite-parallax/src/data/projects/course-of-empire/project_wor
          kflows/course-of-empire_salient_object_workflow.json
———————————————————————————————————————————————————————————————————————————————————————————————

———————————————————————————————————————————————————————————————————————————————————————————————
[DEVMODE] Starting Comfy server at http
          //localhost 8188
———————————————————————————————————————————————————————————————————————————————————————————————

———————————————————————————————————————————————————————————————————————————————————————————————
[DEVMODE] Comfy
          Comfy server not running. Starting
———————————————————————————————————————————————————————————————————————————————————————————————

———————————————————————————————————————————————————————————————————————————————————————————————
[DEVMODE] Comfy server connection attempt 1/15
           failed
———————————————————————————————————————————————————————————————————————————————————————————————

———————————————————————————————————————————————————————————————————————————————————————————————
[DEVMODE] Comfy server connection attempt 2/15
           failed
———————————————————————————————————————————————————————————————————————————————————————————————

———————————————————————————————————————————————————————————————————————————————————————————————
[DEVMODE] Comfy server connection attempt 3/15
           failed
———————————————————————————————————————————————————————————————————————————————————————————————

———————————————————————————————————————————————————————————————————————————————————————————————
[DEVMODE] Comfy server connection attempt 4/15
           failed
———————————————————————————————————————————————————————————————————————————————————————————————

———————————————————————————————————————————————————————————————————————————————————————————————
[DEVMODE] Comfy server connection attempt 5/15
           failed
———————————————————————————————————————————————————————————————————————————————————————————————

———————————————————————————————————————————————————————————————————————————————————————————————
[DEVMODE] Comfy server connection attempt 6/15
           failed
———————————————————————————————————————————————————————————————————————————————————————————————

———————————————————————————————————————————————————————————————————————————————————————————————
[DEVMODE] Comfy server connection attempt 7/15
           failed
———————————————————————————————————————————————————————————————————————————————————————————————

———————————————————————————————————————————————————————————————————————————————————————————————
[DEVMODE] Comfy server connection attempt 8/15
           failed
———————————————————————————————————————————————————————————————————————————————————————————————

———————————————————————————————————————————————————————————————————————————————————————————————
[DEVMODE] Queueing workflow at
           04_52
———————————————————————————————————————————————————————————————————————————————————————————————

———————————————————————————————————————————————————————————————————————————————————————————————
[DEVMODE] Comfy server finished processing request at
           04_52 (Time elapsed  00 00 19)
———————————————————————————————————————————————————————————————————————————————————————————————

———————————————————————————————————————————————————————————————————————————————————————————————
[DEVMODE] Comfy
          Comfy server stopped
———————————————————————————————————————————————————————————————————————————————————————————————

———————————————————————————————————————————————————————————————————————————————————————————————
[DEVMODE] Most recent alpha layer file in comfy output folder
           /home/c_byrne/tools/sd/sd-interfaces/ComfyUI/output/salient_object_alpha_layer_00008_.p
          ng
———————————————————————————————————————————————————————————————————————————————————————————————

———————————————————————————————————————————————————————————————————————————————————————————————
[DEVMODE] Most recent base layer file in comfy output folder
           /home/c_byrne/tools/sd/sd-interfaces/ComfyUI/output/salient_object_removed_00006_.png
———————————————————————————————————————————————————————————————————————————————————————————————
