
———————————————————————————————————————————————————————————————————————————————————————————————
[DEVMODE] Starting Comfy server at http
          //localhost 8188
———————————————————————————————————————————————————————————————————————————————————————————————

———————————————————————————————————————————————————————————————————————————————————————————————
[DEVMODE] Comfy
          Comfy server not running. Starting
———————————————————————————————————————————————————————————————————————————————————————————————

———————————————————————————————————————————————————————————————————————————————————————————————
[DEVMODE] Comfy server connection attempt 1/15
           failed
———————————————————————————————————————————————————————————————————————————————————————————————

———————————————————————————————————————————————————————————————————————————————————————————————
[DEVMODE] Comfy server connection attempt 2/15
           failed
———————————————————————————————————————————————————————————————————————————————————————————————

———————————————————————————————————————————————————————————————————————————————————————————————
[DEVMODE] Comfy server connection attempt 3/15
           failed
———————————————————————————————————————————————————————————————————————————————————————————————

———————————————————————————————————————————————————————————————————————————————————————————————
[DEVMODE] Comfy server connection attempt 4/15
           failed
———————————————————————————————————————————————————————————————————————————————————————————————

———————————————————————————————————————————————————————————————————————————————————————————————
[DEVMODE] Comfy server connection attempt 5/15
           failed
———————————————————————————————————————————————————————————————————————————————————————————————

———————————————————————————————————————————————————————————————————————————————————————————————
[DEVMODE] Comfy server connection attempt 6/15
           failed
———————————————————————————————————————————————————————————————————————————————————————————————

———————————————————————————————————————————————————————————————————————————————————————————————
[DEVMODE] Comfy server connection attempt 7/15
           failed
———————————————————————————————————————————————————————————————————————————————————————————————

———————————————————————————————————————————————————————————————————————————————————————————————
[DEVMODE] Comfy server connection attempt 8/15
           failed
———————————————————————————————————————————————————————————————————————————————————————————————

———————————————————————————————————————————————————————————————————————————————————————————————
[DEVMODE] Queueing workflow at
           03_42
———————————————————————————————————————————————————————————————————————————————————————————————

———————————————————————————————————————————————————————————————————————————————————————————————
[DEVMODE] Comfy server finished processing request at
           03_43
———————————————————————————————————————————————————————————————————————————————————————————————

———————————————————————————————————————————————————————————————————————————————————————————————
[DEVMODE] Time elapsed
           00 01 38
———————————————————————————————————————————————————————————————————————————————————————————————

———————————————————————————————————————————————————————————————————————————————————————————————
[DEVMODE] Comfy
          Comfy server stopped
———————————————————————————————————————————————————————————————————————————————————————————————
