
——————————————————————————————————————————————————————————————————————————————————————————————————————————————
[PROJECT MANAGER] Loading/Creating Project:
                  example-star_wars by c_byrne
——————————————————————————————————————————————————————————————————————————————————————————————————————————————
[PROJECT MANAGER] Repo Root:
                  /home/c_byrne/projects/infinite-parallax
[PROJECT MANAGER] Project Dir Path:
                  /home/c_byrne/projects/infinite-parallax/projects/example-star_wars
[PROJECT MANAGER] Loading Existing Project Found At:
                  /home/c_byrne/projects/infinite-parallax/projects/example-star_wars
[OBJECT-SEG > WF] Created Copy In Project Dir Of Workflow Template:
                  /home/c_byrne/projects/infinite-parallax/workflow-templates/api/salient_object/salient_objec
                  t-remove_inpaint_extract-v2-API_VERSION.json
[OBJECT-SEG > WF] Updating Loadimage'S Image Value:
                  from star_wars-medium.jpg to base_layer-salient_object_removed_00002_.png
[OBJECT-SEG > WF] Updating Save Inpainted Base Layer'S Filename_Prefix Value:
                  from salient_object_removed to base_layer-salient_object_removed
[OBJECT-SEG > WF] Save Alpha Layer'S Filename_Prefix Value Is Already Set To:
                  salient_object_alpha_layer
[OBJECT-SEG > WF] Clip Text Encode (Negative Prompt)'S Text Value Appended With:
                  man, person, silhouette, human, 1boy, 2boys, lightsaber, neon sign
[OBJECT-SEG > WF] Negative Prompt - Fill Object Region With Bg Content Only'S Text Value Appended With:
                  man, person, silhouette, human, 1boy, 2boys, lightsaber, neon sign
[OBJECT-SEG > WF] Auto Prompt Exclude List'S Prompt Value Appended With:
                  man, person, silhouette, human, 1boy, 2boys, lightsaber, neon sign
[OBJECT-SEG > WF] Updating Generalized Salient Object Tags (Descriptors)'S Prompt Value:
                  from multiple_girls . multiple_boys . 1girl . man . woman . 1boy . salient objects . men . p
                  erson . human to man . person . silhouette . human . 1boy . 2boys . lightsaber . neon sign
[OBJECT-SEG > SERVER] Trying To Find Path To Python Version Compatible With Comfy Server:
                      version 3.10.6
[OBJECT-SEG > SERVER] Using Python Path:
                      /home/c_byrne/.pyenv/versions/3.10.6/bin/python
[OBJECT-SEG > SERVER] This Is The Command That Will Be Used To Start Comfy:
                      ['/home/c_byrne/.pyenv/versions/3.10.6/bin/python', '/home/c_byrne/tools/sd/sd-interface
                      s/ComfyUI/main.py', '--port', '8188', '--output-directory', '/home/c_byrne/projects/infi
                      nite-parallax/projects/example-star_wars', '--input-directory', '/home/c_byrne/projects/
                      infinite-parallax/projects/example-star_wars', '--disable-auto-launch', '--disable-metad
                      ata']
[OBJECT-SEG > SERVER] Comfy Server Status:
                      Not running. Starting new server in detached process
[OBJECT-SEG > SERVER] Comfy 
                      server started
[OBJECT-SEG > CLIENT] New Comfy Client Created With Id:
                      c634f4e4-0c9f-450c-a719-6601bf7730ac
[OBJECT-SEG > SERVER] Comfy Process:
                      server stopped
[OBJECT-SEG > CLIENT] Disconnect Client Attempt:
                      Client is already disconnected