
———————————————————————————————————————————————————————————————————————————————————————————————
[DEVMODE] Starting Comfy server at http
         //localhost 8188
———————————————————————————————————————————————————————————————————————————————————————————————

———————————————————————————————————————————————————————————————————————————————————————————————
[DEVMODE] Comfy
         Comfy server not running. Starting
———————————————————————————————————————————————————————————————————————————————————————————————

———————————————————————————————————————————————————————————————————————————————————————————————
[DEVMODE] Queueing
         Queueing workflow at 03_29
———————————————————————————————————————————————————————————————————————————————————————————————

———————————————————————————————————————————————————————————————————————————————————————————————
[DEVMODE] Comfy
         Comfy server finished processing request at 03_31
———————————————————————————————————————————————————————————————————————————————————————————————

———————————————————————————————————————————————————————————————————————————————————————————————
[DEVMODE] Time elapsed
          00 01 37
———————————————————————————————————————————————————————————————————————————————————————————————

———————————————————————————————————————————————————————————————————————————————————————————————
[DEVMODE] Comfy
         Comfy server finished processing request
———————————————————————————————————————————————————————————————————————————————————————————————

———————————————————————————————————————————————————————————————————————————————————————————————
[DEVMODE] Workflow
         Workflow complete
———————————————————————————————————————————————————————————————————————————————————————————————

———————————————————————————————————————————————————————————————————————————————————————————————
[DEVMODE] Comfy
         Comfy server stopped
———————————————————————————————————————————————————————————————————————————————————————————————
