
———————————————————————————————————————————————————————————— 11:53PM —————————————————
[DEVMODE] (Project Workflow) Created Copy in Project Dir of Workflow Template:
           /home/c_byrne/projects/infinite-parallax/workflow-templates/api/salient_object
          /salient_object-remove_inpaint_extract-v1-API_VERSION.json
——————————————————————————————————————————————————————————————————————————————————————
[DEVMODE] (Project Workflow) Updating LoadImage's image value:
           from Cole_Thomas_The_Course_of_Empire_Destruction_1836 (2).jpg to star_wars-me
          dium.jpg[DEVMODE] (Project Workflow) Updating Generalized Salient Object Tags (Descriptors)'s prompt value:
           from salient objects, statue, skyscraper, pillar, flag, column to man . person
           . silhouette
———————————————————————————————————————————————————————————— 11:53PM —————————————————
[DEVMODE] Trying to find path to python version compatible with comfy server:
           version 3.10.6
——————————————————————————————————————————————————————————————————————————————————————
[DEVMODE] Using python path:
           /home/c_byrne/.pyenv/versions/3.10.6/bin/python[DEVMODE] This is the command that will be used to start comfy:
           ['/home/c_byrne/.pyenv/versions/3.10.6/bin/python', '/home/c_byrne/tools/sd/sd
          -interfaces/ComfyUI/main.py', '--port', '8188', '--output-directory', '/home/c_
          byrne/projects/infinite-parallax/projects/example-star_wars', '--input-director
          y', '/home/c_byrne/projects/infinite-parallax/projects/example-star_wars', '--d
          isable-auto-launch', '--disable-metadata'][DEVMODE] Comfy server status:
           Not running. Starting new server in detached process[DEVMODE] Comfy:
          Comfy server started[DEVMODE] Comfy server connection attempt 1/18:
           failed[DEVMODE] Comfy server connection attempt 2/18:
           failed[DEVMODE] Comfy server connection attempt 3/18:
           failed[DEVMODE] Comfy server connection attempt 4/18:
           failed[DEVMODE] Comfy server connection attempt 5/18:
           failed[DEVMODE] Comfy server connection attempt 6/18:
           failed[DEVMODE] Comfy server connection attempt 7/18:
           failed[DEVMODE] Comfy server connection attempt 8/18:
           failed
———————————————————————————————————————————————————————————— 11:53PM —————————————————
[DEVMODE] Queueing workflow at:
           11_53
——————————————————————————————————————————————————————————————————————————————————————

———————————————————————————————————————————————————————————— 11:53PM —————————————————
[DEVMODE] Error with Comfy API Client process:
           'str' object has no attribute 'get_workflow_dict'
——————————————————————————————————————————————————————————————————————————————————————

———————————————————————————————————————————————————————————— 11:53PM —————————————————
[DEVMODE] Error starting comfy server/client:
           'str' object has no attribute 'get_workflow_dict'
——————————————————————————————————————————————————————————————————————————————————————

———————————————————————————————————————————————————————————— 11:53PM —————————————————
[DEVMODE] Comfy:
          Comfy server stopped
——————————————————————————————————————————————————————————————————————————————————————

———————————————————————————————————————————————————————————— 11:53PM —————————————————
[DEVMODE] Disconnect Client Attempt:
           Client is already disconnected
——————————————————————————————————————————————————————————————————————————————————————
